Build started 1/28/2015 9:18:10 AM.
     1>Project "F:\Delta-Winter-2015\CST-280-ADV_C++\Module (3)\date\date.vcxproj" on node 2 (Build target(s)).
     1>ClCompile:
         C:\Program Files (x86)\Microsoft Visual Studio 11.0\VC\bin\CL.exe /c /ZI /nologo /W3 /WX- /sdl /Od /Oy- /D _CRT_SECURE_NO_WARNINGS /D _MBCS /Gm /EHsc /RTC1 /MDd /GS /fp:precise /Zc:wchar_t /Zc:forScope /Fo"Debug\\" /Fd"Debug\vc110.pdb" /Gd /TP /analyze- /errorReport:prompt date.cpp
         date.cpp
       Link:
         C:\Program Files (x86)\Microsoft Visual Studio 11.0\VC\bin\link.exe /ERRORREPORT:PROMPT /OUT:"F:\Delta-Winter-2015\CST-280-ADV_C++\Module (3)\date\Debug\date.exe" /INCREMENTAL /NOLOGO kernel32.lib user32.lib gdi32.lib winspool.lib comdlg32.lib advapi32.lib shell32.lib ole32.lib oleaut32.lib uuid.lib odbc32.lib odbccp32.lib /MANIFEST /MANIFESTUAC:"level='asInvoker' uiAccess='false'" /manifest:embed /DEBUG /PDB:"F:\Delta-Winter-2015\CST-280-ADV_C++\Module (3)\date\Debug\date.pdb" /TLBID:1 /DYNAMICBASE /NXCOMPAT /IMPLIB:"F:\Delta-Winter-2015\CST-280-ADV_C++\Module (3)\date\Debug\date.lib" /MACHINE:X86 Debug\date.obj
         Debug\dateExam.obj
         Debug\dst.obj
     1>dst.obj : error LNK2005: _main already defined in dateExam.obj
     1>F:\Delta-Winter-2015\CST-280-ADV_C++\Module (3)\date\Debug\date.exe : fatal error LNK1169: one or more multiply defined symbols found
     1>Done Building Project "F:\Delta-Winter-2015\CST-280-ADV_C++\Module (3)\date\date.vcxproj" (Build target(s)) -- FAILED.

Build FAILED.

Time Elapsed 00:00:01.43
